<?xml version="1.0" encoding="UTF-8"?>
<!-- Generated by org.testng.reporters.JUnitReportReporter -->
<testsuite skipped="0" hostname="0dbc52703a0c" name="webTests.FilterMoreResultsByKeyword" tests="1" failures="0" timestamp="02 Dec 2019 21:32:32 GMT" time="23.421" errors="0">
  <testcase name="filterResultsByKeyword" time="23.421" classname="webTests.FilterMoreResultsByKeyword"/>
</testsuite> <!-- webTests.FilterMoreResultsByKeyword -->
