<?xml version="1.0" encoding="UTF-8"?>
<!-- Generated by org.testng.reporters.JUnitReportReporter -->
<testsuite skipped="0" hostname="0dbc52703a0c" name="webTests.FilterMoreResultsByStatus" tests="3" failures="0" timestamp="02 Dec 2019 21:32:32 GMT" time="81.791" errors="0">
  <testcase name="filterResultsByPendingStatus" time="31.467" classname="webTests.FilterMoreResultsByStatus"/>
  <testcase name="filterResultsBySoldStatus" time="25.459" classname="webTests.FilterMoreResultsByStatus"/>
  <testcase name="filterResultsByForSaleStatus" time="24.865" classname="webTests.FilterMoreResultsByStatus"/>
</testsuite> <!-- webTests.FilterMoreResultsByStatus -->
