<?xml version="1.0" encoding="UTF-8"?>
<!-- Generated by org.testng.reporters.JUnitReportReporter -->
<testsuite skipped="0" hostname="0dbc52703a0c" name="webTests.SortResultsByPriceBedBath" tests="4" failures="0" timestamp="02 Dec 2019 21:32:32 GMT" time="117.931" errors="0">
  <testcase name="sortResultsByBeds" time="35.630" classname="webTests.SortResultsByPriceBedBath"/>
  <testcase name="sortResultsByMostRecent" time="28.659" classname="webTests.SortResultsByPriceBedBath"/>
  <testcase name="sortResultsByPrice" time="24.979" classname="webTests.SortResultsByPriceBedBath"/>
  <testcase name="sortResultsByBaths" time="28.663" classname="webTests.SortResultsByPriceBedBath"/>
</testsuite> <!-- webTests.SortResultsByPriceBedBath -->
