<?xml version="1.0" encoding="UTF-8"?>
<!-- Generated by org.testng.reporters.JUnitReportReporter -->
<testsuite skipped="0" hostname="0dbc52703a0c" name="webTests.FilterResultsByPriceBedBath" tests="3" failures="0" timestamp="02 Dec 2019 21:32:32 GMT" time="74.160" errors="0">
  <testcase name="filterResultsByBeds" time="17.047" classname="webTests.FilterResultsByPriceBedBath"/>
  <testcase name="filterResultsByPrice" time="41.593" classname="webTests.FilterResultsByPriceBedBath"/>
  <testcase name="filterResultsBybaths" time="15.520" classname="webTests.FilterResultsByPriceBedBath"/>
</testsuite> <!-- webTests.FilterResultsByPriceBedBath -->
