<?xml version="1.0" encoding="UTF-8"?>
<!-- Generated by org.testng.reporters.JUnitReportReporter -->
<testsuite skipped="0" hostname="0dbc52703a0c" name="webTests.FilterMoreResultsByYear" tests="1" failures="0" timestamp="02 Dec 2019 21:32:32 GMT" time="35.853" errors="0">
  <testcase name="filterResultsByYear" time="35.853" classname="webTests.FilterMoreResultsByYear"/>
</testsuite> <!-- webTests.FilterMoreResultsByYear -->
