<?xml version="1.0" encoding="UTF-8"?>
<!-- Generated by org.testng.reporters.JUnitReportReporter -->
<testsuite skipped="0" hostname="0dbc52703a0c" name="webTests.FilterMoreResultsBySquareFeet" tests="1" failures="0" timestamp="02 Dec 2019 21:32:32 GMT" time="32.598" errors="0">
  <testcase name="filterResultsBySqFeet" time="32.598" classname="webTests.FilterMoreResultsBySquareFeet"/>
</testsuite> <!-- webTests.FilterMoreResultsBySquareFeet -->
