<?xml version="1.0" encoding="UTF-8"?>
<!-- Generated by org.testng.reporters.JUnitReportReporter -->
<testsuite skipped="0" hostname="macbookpros-MacBook-Pro.local" name="webTests.FilterMoreResultsByKeyword" tests="1" failures="0" timestamp="01 Dec 2019 00:01:07 GMT" time="101.634" errors="0">
  <testcase name="filterResultsByKeyword" time="101.634" classname="webTests.FilterMoreResultsByKeyword"/>
</testsuite> <!-- webTests.FilterMoreResultsByKeyword -->
