<?xml version="1.0" encoding="UTF-8"?>
<!-- Generated by org.testng.reporters.JUnitReportReporter -->
<testsuite skipped="0" hostname="macbookpros-MacBook-Pro.local" name="webTests.Login_and_Search" tests="1" failures="0" timestamp="01 Dec 2019 00:01:02 GMT" time="102.215" errors="0">
  <testcase name="loginSearch" time="102.215" classname="webTests.Login_and_Search"/>
</testsuite> <!-- webTests.Login_and_Search -->
