<?xml version="1.0" encoding="UTF-8"?>
<!-- Generated by org.testng.reporters.JUnitReportReporter -->
<testsuite skipped="0" hostname="macbookpros-MacBook-Pro.local" name="webTests.FilterMoreResultsBySquareFeet" tests="1" failures="0" timestamp="01 Dec 2019 00:00:57 GMT" time="144.414" errors="0">
  <testcase name="filterResultsBySqFeet" time="144.414" classname="webTests.FilterMoreResultsBySquareFeet"/>
</testsuite> <!-- webTests.FilterMoreResultsBySquareFeet -->
