<?xml version="1.0" encoding="UTF-8"?>
<!-- Generated by org.testng.reporters.JUnitReportReporter -->
<testsuite skipped="0" hostname="macbookpros-MacBook-Pro.local" name="webTests.SearchforSpecificProperty" tests="1" failures="0" timestamp="01 Dec 2019 00:01:17 GMT" time="14.892" errors="0">
  <testcase name="searchSpecificProperty" time="14.892" classname="webTests.SearchforSpecificProperty"/>
</testsuite> <!-- webTests.SearchforSpecificProperty -->
