<?xml version="1.0" encoding="UTF-8"?>
<!-- Generated by org.testng.reporters.JUnitReportReporter -->
<testsuite skipped="0" hostname="macbookpros-MacBook-Pro.local" name="webTests.FilterMoreResultsByPropertyType" tests="1" failures="0" timestamp="01 Dec 2019 00:01:22 GMT" time="163.572" errors="0">
  <testcase name="filterResultsByPropertyTypeLand" time="163.572" classname="webTests.FilterMoreResultsByPropertyType"/>
</testsuite> <!-- webTests.FilterMoreResultsByPropertyType -->
