<?xml version="1.0" encoding="UTF-8"?>
<!-- Generated by org.testng.reporters.JUnitReportReporter -->
<testsuite skipped="0" hostname="macbookpros-MacBook-Pro.local" name="webTests.FilterMoreResultsByYear" tests="1" failures="0" timestamp="01 Dec 2019 00:00:47 GMT" time="132.609" errors="0">
  <testcase name="filterResultsByYear" time="132.609" classname="webTests.FilterMoreResultsByYear"/>
</testsuite> <!-- webTests.FilterMoreResultsByYear -->
