<?xml version="1.0" encoding="UTF-8"?>
<!-- Generated by org.testng.reporters.JUnitReportReporter -->
<testsuite skipped="0" hostname="macbookpros-MacBook-Pro.local" name="webTests.SortResultsByPriceBedBath" tests="4" failures="0" timestamp="01 Dec 2019 00:01:12 GMT" time="323.388" errors="0">
  <testcase name="sortResultsByPrice" time="42.928" classname="webTests.SortResultsByPriceBedBath"/>
  <testcase name="sortResultsByMostRecent" time="72.724" classname="webTests.SortResultsByPriceBedBath"/>
  <testcase name="sortResultsByBeds" time="101.059" classname="webTests.SortResultsByPriceBedBath"/>
  <testcase name="sortResultsByBaths" time="106.677" classname="webTests.SortResultsByPriceBedBath"/>
</testsuite> <!-- webTests.SortResultsByPriceBedBath -->
