<?xml version="1.0" encoding="UTF-8"?>
<!-- Generated by org.testng.reporters.JUnitReportReporter -->
<testsuite skipped="0" hostname="89bfaa340f54" name="webTests.FilterMoreResultsByPropertyType" tests="1" failures="0" timestamp="02 Dec 2019 21:32:52 GMT" time="30.761" errors="0">
  <testcase name="filterResultsByPropertyTypeLand" time="30.761" classname="webTests.FilterMoreResultsByPropertyType"/>
</testsuite> <!-- webTests.FilterMoreResultsByPropertyType -->
