<?xml version="1.0" encoding="UTF-8"?>
<!-- Generated by org.testng.reporters.JUnitReportReporter -->
<testsuite skipped="0" hostname="89bfaa340f54" name="webTests.SortResultsByPriceBedBath" tests="4" failures="0" timestamp="02 Dec 2019 21:32:52 GMT" time="130.836" errors="0">
  <testcase name="sortResultsByBeds" time="31.842" classname="webTests.SortResultsByPriceBedBath"/>
  <testcase name="sortResultsByMostRecent" time="28.323" classname="webTests.SortResultsByPriceBedBath"/>
  <testcase name="sortResultsByBaths" time="38.582" classname="webTests.SortResultsByPriceBedBath"/>
  <testcase name="sortResultsByPrice" time="32.089" classname="webTests.SortResultsByPriceBedBath"/>
</testsuite> <!-- webTests.SortResultsByPriceBedBath -->
