<?xml version="1.0" encoding="UTF-8"?>
<!-- Generated by org.testng.reporters.JUnitReportReporter -->
<testsuite skipped="0" hostname="89bfaa340f54" name="webTests.FilterResultsByPriceBedBath" tests="3" failures="0" timestamp="02 Dec 2019 21:32:52 GMT" time="92.065" errors="0">
  <testcase name="filterResultsByPrice" time="34.632" classname="webTests.FilterResultsByPriceBedBath"/>
  <testcase name="filterResultsByBeds" time="39.335" classname="webTests.FilterResultsByPriceBedBath"/>
  <testcase name="filterResultsBybaths" time="18.098" classname="webTests.FilterResultsByPriceBedBath"/>
</testsuite> <!-- webTests.FilterResultsByPriceBedBath -->
