<?xml version="1.0" encoding="UTF-8"?>
<!-- Generated by org.testng.reporters.JUnitReportReporter -->
<testsuite skipped="0" hostname="89bfaa340f54" name="webTests.FilterMoreResultsByStatus" tests="3" failures="0" timestamp="02 Dec 2019 21:32:52 GMT" time="100.181" errors="0">
  <testcase name="filterResultsByPendingStatus" time="34.095" classname="webTests.FilterMoreResultsByStatus"/>
  <testcase name="filterResultsBySoldStatus" time="29.109" classname="webTests.FilterMoreResultsByStatus"/>
  <testcase name="filterResultsByForSaleStatus" time="36.977" classname="webTests.FilterMoreResultsByStatus"/>
</testsuite> <!-- webTests.FilterMoreResultsByStatus -->
