<?xml version="1.0" encoding="UTF-8"?>
<!-- Generated by org.testng.reporters.JUnitReportReporter -->
<testsuite skipped="0" hostname="89bfaa340f54" name="webTests.FilterMoreResultsByYear" tests="1" failures="0" timestamp="02 Dec 2019 21:32:52 GMT" time="40.254" errors="0">
  <testcase name="filterResultsByYear" time="40.254" classname="webTests.FilterMoreResultsByYear"/>
</testsuite> <!-- webTests.FilterMoreResultsByYear -->
