<?xml version="1.0" encoding="UTF-8"?>
<!-- Generated by org.testng.reporters.JUnitReportReporter -->
<testsuite skipped="0" hostname="89bfaa340f54" name="webTests.Login_and_Search" tests="1" failures="0" timestamp="02 Dec 2019 21:32:52 GMT" time="33.925" errors="0">
  <testcase name="loginSearch" time="33.925" classname="webTests.Login_and_Search"/>
</testsuite> <!-- webTests.Login_and_Search -->
