<?xml version="1.0" encoding="UTF-8"?>
<!-- Generated by org.testng.reporters.JUnitReportReporter -->
<testsuite skipped="0" hostname="89bfaa340f54" name="webTests.FilterMoreResultsBySquareFeet" tests="1" failures="0" timestamp="02 Dec 2019 21:32:52 GMT" time="52.439" errors="0">
  <testcase name="filterResultsBySqFeet" time="52.439" classname="webTests.FilterMoreResultsBySquareFeet"/>
</testsuite> <!-- webTests.FilterMoreResultsBySquareFeet -->
